========================== Mod Loader 0.3.7 ==========================

Game version: GTA VC 1.0 UNK_REGION
Loading basic config file modloader/.data/config.ini

Parsing command line
No aScreen address, not injecting a menu

Looking for plugins...
Reading plugins.ini
Loading plugin module "gta3\std.asi.dll"
Plugin module "gta3\std.asi.dll" loaded as gta3.std.asi Jan 16 2018 17:44:17 by LINK/2012
Starting up plugin "gta3.std.asi"
Loading plugin module "gta3\std.bank.dll"
Plugin module "gta3\std.bank.dll" loaded as gta3.std.bank Nov 12 2016 18:52:34 by LINK/2012
Starting up plugin "gta3.std.bank"
Warning: Failed to startup plugin "gta3.std.bank", unloading it.
Unloading plugin "gta3.std.bank"
Loading plugin module "gta3\std.data.dll"
Plugin module "gta3\std.data.dll" loaded as gta3.std.data Nov 12 2016 18:52:35 by LINK/2012
Starting up plugin "gta3.std.data"
Loading plugin module "gta3\std.fx.dll"
Plugin module "gta3\std.fx.dll" loaded as gta3.std.fx Nov 12 2016 18:52:38 by LINK/2012
Starting up plugin "gta3.std.fx"
Loading plugin module "gta3\std.movies.dll"
Plugin module "gta3\std.movies.dll" loaded as gta3.std.movies Nov 12 2016 18:52:50 by LINK/2012
Starting up plugin "gta3.std.movies"
Loading plugin module "gta3\std.scm.dll"
Plugin module "gta3\std.scm.dll" loaded as gta3.std.scm Nov 12 2016 18:53:09 by LINK/2012
Starting up plugin "gta3.std.scm"
Loading plugin module "gta3\std.sprites.dll"
Plugin module "gta3\std.sprites.dll" loaded as gta3.std.sprites Nov 12 2016 18:53:10 by LINK/2012
Starting up plugin "gta3.std.sprites"
Loading plugin module "gta3\std.stream.dll"
Plugin module "gta3\std.stream.dll" loaded as gta3.std.stream Jan 16 2018 17:44:17 by LINK/2012
Starting up plugin "gta3.std.stream"
Loading plugin module "gta3\std.text.dll"
Plugin module "gta3\std.text.dll" loaded as gta3.std.text Nov 12 2016 18:52:34 by LINK/2012
Starting up plugin "gta3.std.text"
Loading plugin module "gta3\std.tracks.dll"
Plugin module "gta3\std.tracks.dll" loaded as gta3.std.tracks Nov 12 2016 18:52:33 by LINK/2012
Starting up plugin "gta3.std.tracks"
Warning: Failed to startup plugin "gta3.std.tracks", unloading it.
Unloading plugin "gta3.std.tracks"
Reading profile named "Default" at "modloader.ini".
Using profile named "Default".
Using profile named "Default"


Scanning mods at "modloader\"...

Scanning files at "modloader\hd_characters\"...
Found file [0x000002046A0A638F] "Apoulet.txd" with handler "gta3.std.stream"
Found file [0x00000204E0C5F29C] "army.txd" with handler "gta3.std.stream"
Found file [0x00000204C1836761] "BFOBE.txd" with handler "gta3.std.stream"
Found file [0x00000204D501CDAD] "bfori.txd" with handler "gta3.std.stream"
Found file [0x000002041DF376D7] "bfost.txd" with handler "gta3.std.stream"
Found file [0x000002041A356AA0] "bfotr.txd" with handler "gta3.std.stream"
Found file [0x000002048752E3B7] "bfybe.txd" with handler "gta3.std.stream"
Found file [0x00000204CA5FE2DA] "BFYPR.txd" with handler "gta3.std.stream"
Found file [0x00000204237D2A3B] "bfyri.txd" with handler "gta3.std.stream"
Found file [0x0000020478D55995] "BFYST.txd" with handler "gta3.std.stream"
Found file [0x000002042CB9E587] "bga.txd" with handler "gta3.std.stream"
Found file [0x000002044BC85750] "bgb.txd" with handler "gta3.std.stream"
Found file [0x000002040729EB73] "bka.txd" with handler "gta3.std.stream"
Found file [0x0000020426DEAECC] "bkb.txd" with handler "gta3.std.stream"
Found file [0x000002041CD2079C] "BMOBE.txd" with handler "gta3.std.stream"
Found file [0x000002044C727294] "bmodk.txd" with handler "gta3.std.stream"
Found file [0x0000020458F15FEE] "bmost.txd" with handler "gta3.std.stream"
Found file [0x00000204B3800F01] "bmotr.txd" with handler "gta3.std.stream"
Found file [0x00000204B3E7F9E1] "bmybb.txd" with handler "gta3.std.stream"
Found file [0x00000204F8FB2122] "bmybe.txd" with handler "gta3.std.stream"
Found file [0x00000204D6599A72] "bmybu.txd" with handler "gta3.std.stream"
Found file [0x00000204256EA8C2] "bmycr.txd" with handler "gta3.std.stream"
Found file [0x0000020493BD134C] "bmypi.txd" with handler "gta3.std.stream"
Found file [0x000002044CD59C66] "bmyri.txd" with handler "gta3.std.stream"
Found file [0x0000020409BD33BC] "bmyst.txd" with handler "gta3.std.stream"
Found file [0x00000204DA4B764F] "bounca.txd" with handler "gta3.std.stream"
Found file [0x0000020486AB8334] "burger.txd" with handler "gta3.std.stream"
Found file [0x00000204D8AB6055] "Cba.txd" with handler "gta3.std.stream"
Found file [0x00000204AF64E182] "Cbb.txd" with handler "gta3.std.stream"
Found file [0x00000204313C9D3A] "cdrivra.txd" with handler "gta3.std.stream"
Found file [0x000002042E3CA1CD] "cdrivrb.txd" with handler "gta3.std.stream"
Found file [0x00000204658CDAC3] "cgona.txd" with handler "gta3.std.stream"
Found file [0x000002048543315C] "cgonb.txd" with handler "gta3.std.stream"
Found file [0x000002049949F531] "cgonc.txd" with handler "gta3.std.stream"
Found file [0x00000204C60D5C93] "chef.txd" with handler "gta3.std.stream"
Found file [0x0000020443FE0DEF] "Cla.txd" with handler "gta3.std.stream"
Found file [0x000002049DA79DD8] "Clb.txd" with handler "gta3.std.stream"
Found file [0x000002046FF94B7C] "cmraman.txd" with handler "gta3.std.stream"
Found file [0x00000204192ABBB7] "cop.txd" with handler "gta3.std.stream"
Found file [0x00000204867CBACC] "courier.txd" with handler "gta3.std.stream"
Found file [0x000002048973F681] "crewa.txd" with handler "gta3.std.stream"
Found file [0x000002048C9B026E] "crewb.txd" with handler "gta3.std.stream"
Found file [0x000002041876BA55] "CSAlsb2.txd" with handler "gta3.std.stream"
Found file [0x0000020430495746] "CSAlscb.txd" with handler "gta3.std.stream"
Found file [0x0000020489D56BED] "CSassA.txd" with handler "gta3.std.stream"
Found file [0x000002048A596B5A] "CSassB.txd" with handler "gta3.std.stream"
Found file [0x00000204910321FF] "CSassC.txd" with handler "gta3.std.stream"
Found file [0x0000020414B5F522] "CSavery.txd" with handler "gta3.std.stream"
Found file [0x0000020486FE9C3E] "CSbigm.txd" with handler "gta3.std.stream"
Found file [0x000002043A846F89] "CSBJ.txd" with handler "gta3.std.stream"
Found file [0x00000204F4DB8A77] "CSBuddy.txd" with handler "gta3.std.stream"
Found file [0x00000204686ED26C] "CScamj.txd" with handler "gta3.std.stream"
Found file [0x00000204CEBBE1D8] "CSCandy.txd" with handler "gta3.std.stream"
Found file [0x00000204903224C4] "CScolo.txd" with handler "gta3.std.stream"
Found file [0x00000204E42CF4A3] "CSdeal.txd" with handler "gta3.std.stream"
Found file [0x0000020440EAE9A1] "CSdiaz.txd" with handler "gta3.std.stream"
Found file [0x0000020430FFCEE6] "CSDick.txd" with handler "gta3.std.stream"
Found file [0x00000204D542DA82] "CSdirec.txd" with handler "gta3.std.stream"
Found file [0x00000204445D34C3] "CSdlove.txd" with handler "gta3.std.stream"
Found file [0x000002046CD8C4A0] "CSDoris.txd" with handler "gta3.std.stream"
Found file [0x00000204D3C267B1] "cservra.txd" with handler "gta3.std.stream"
Found file [0x00000204D46F099E] "cservrb.txd" with handler "gta3.std.stream"
Found file [0x00000204D474A313] "CSGonz.txd" with handler "gta3.std.stream"
Found file [0x000002047B275289] "CShlary.txd" with handler "gta3.std.stream"
Found file [0x00000204F6CF0416] "CSJezz.txd" with handler "gta3.std.stream"
Found file [0x0000020472369E6E] "CSJuggz.txd" with handler "gta3.std.stream"
Found file [0x000002042EA0438E] "CSKelly.txd" with handler "gta3.std.stream"
Found file [0x000002049B812905] "CSken.txd" with handler "gta3.std.stream"
Found file [0x00000204AA7E4D2B] "CSkent.txd" with handler "gta3.std.stream"
Found file [0x00000204C5BA3169] "CSMaude.txd" with handler "gta3.std.stream"
Found file [0x0000020447799576] "CSMerc.txd" with handler "gta3.std.stream"
Found file [0x00000204A1876D1C] "CSmerc2.txd" with handler "gta3.std.stream"
Found file [0x00000204979A28E5] "CSpablo.txd" with handler "gta3.std.stream"
Found file [0x000002044B68E8E9] "CSPapa.txd" with handler "gta3.std.stream"
Found file [0x000002048723FE29] "CSPepe.txd" with handler "gta3.std.stream"
Found file [0x00000204BB09FB06] "CSPercy.txd" with handler "gta3.std.stream"
Found file [0x0000020452245D0A] "CSphil.txd" with handler "gta3.std.stream"
Found file [0x00000204CB011BCB] "CSrich.txd" with handler "gta3.std.stream"
Found file [0x0000020493B8301C] "CSsonny.txd" with handler "gta3.std.stream"
Found file [0x0000020488940C24] "CSumbto.txd" with handler "gta3.std.stream"
Found file [0x00000204D7C98AF5] "dgoona.txd" with handler "gta3.std.stream"
Found file [0x000002043B2966A2] "dgoonb.txd" with handler "gta3.std.stream"
Found file [0x000002043F076F27] "dgoonc.txd" with handler "gta3.std.stream"
Found file [0x000002048A1CB380] "fbi.txd" with handler "gta3.std.stream"
Found file [0x00000204ED1EA7C1] "fireman.txd" with handler "gta3.std.stream"
Found file [0x0000020469436511] "floozya.txd" with handler "gta3.std.stream"
Found file [0x0000020469F007FE] "floozyb.txd" with handler "gta3.std.stream"
Found file [0x00000204A6671A23] "floozyc.txd" with handler "gta3.std.stream"
Found file [0x000002045BD7DCED] "FSfa.txd" with handler "gta3.std.stream"
Found file [0x000002041700EA53] "Gda.txd" with handler "gta3.std.stream"
Found file [0x00000204C35C082C] "Gdb.txd" with handler "gta3.std.stream"
Found file [0x0000020411E09983] "hfobe.txd" with handler "gta3.std.stream"
Found file [0x000002046CD22D0F] "hfori.txd" with handler "gta3.std.stream"
Found file [0x00000204AD083C41] "HFOST.txd" with handler "gta3.std.stream"
Found file [0x00000204B58C6722] "HFOTR.txd" with handler "gta3.std.stream"
Found file [0x000002043ABAB1A5] "hfybe.txd" with handler "gta3.std.stream"
Found file [0x00000204984576D5] "HFYBU.txd" with handler "gta3.std.stream"
Found file [0x0000020418585814] "HFYCG.txd" with handler "gta3.std.stream"
Found file [0x00000204D968D475] "HFYMD.txd" with handler "gta3.std.stream"
Found file [0x00000204F2B1D120] "HFYPR.txd" with handler "gta3.std.stream"
Found file [0x00000204D6E4F829] "HFYRI.txd" with handler "gta3.std.stream"
Found file [0x0000020404DCAE9B] "HFYST.txd" with handler "gta3.std.stream"
Found file [0x00000204A6C45602] "hmobe.txd" with handler "gta3.std.stream"
Found file [0x000002049EF52A45] "hmoca.txd" with handler "gta3.std.stream"
Found file [0x00000204B3843CC6] "hmori.txd" with handler "gta3.std.stream"
Found file [0x00000204E63FE29C] "hmost.txd" with handler "gta3.std.stream"
Found file [0x0000020447566C57] "hmotr.txd" with handler "gta3.std.stream"
Found file [0x00000204456F78DC] "hmyap.txd" with handler "gta3.std.stream"
Found file [0x00000204FE895AFC] "hmybe.txd" with handler "gta3.std.stream"
Found file [0x00000204EDB44978] "hmyri.txd" with handler "gta3.std.stream"
Found file [0x000002043AAA454E] "hmyst.txd" with handler "gta3.std.stream"
Found file [0x0000020482AE7702] "Hna.txd" with handler "gta3.std.stream"
Found file [0x00000204ABF4F5D5] "Hnb.txd" with handler "gta3.std.stream"
Found file [0x000002048761CE90] "IGalscb.txd" with handler "gta3.std.stream"
Found file [0x00000204410A8169] "IGbuddy.txd" with handler "gta3.std.stream"
Found file [0x0000020430CF2C69] "IGBudy2.txd" with handler "gta3.std.stream"
Found file [0x000002041CC86794] "IGBudy3.txd" with handler "gta3.std.stream"
Found file [0x000002046DB8D3F6] "IGCandy.txd" with handler "gta3.std.stream"
Found file [0x00000204D4772A4C] "IGColon.txd" with handler "gta3.std.stream"
Found file [0x0000020476305BA7] "IGDiaz.txd" with handler "gta3.std.stream"
Found file [0x00000204541B00D8] "IGDick.txd" with handler "gta3.std.stream"
Found file [0x000002048D6FA95D] "IGGonz.txd" with handler "gta3.std.stream"
Found file [0x00000204488D0F7B] "IGHlary.txd" with handler "gta3.std.stream"
Found file [0x000002046C28C66E] "IGHlry2.txd" with handler "gta3.std.stream"
Found file [0x000002049D23993C] "IGJezz.txd" with handler "gta3.std.stream"
Found file [0x00000204DE3C3D03] "IGKen.txd" with handler "gta3.std.stream"
Found file [0x00000204664A6890] "IGMerc.txd" with handler "gta3.std.stream"
Found file [0x000002042A97463E] "IGMerc2.txd" with handler "gta3.std.stream"
Found file [0x000002046E3F4211] "IGmike.txd" with handler "gta3.std.stream"
Found file [0x00000204E4A4F141] "IGMike2.txd" with handler "gta3.std.stream"
Found file [0x00000204185AEDF4] "IGPercy.txd" with handler "gta3.std.stream"
Found file [0x000002044365BD44] "IGPhil.txd" with handler "gta3.std.stream"
Found file [0x00000204D71502AA] "IGphil2.txd" with handler "gta3.std.stream"
Found file [0x00000204A0597F0F] "IGPhil3.txd" with handler "gta3.std.stream"
Found file [0x0000020496C1A342] "IGSonny.txd" with handler "gta3.std.stream"
Found file [0x00000204372CCB81] "jfoto.txd" with handler "gta3.std.stream"
Found file [0x00000204E23784B0] "jmoto.txd" with handler "gta3.std.stream"
Found file [0x00000204AFCF21E9] "male01.txd" with handler "gta3.std.stream"
Found file [0x000002040B0D804B] "Mba.txd" with handler "gta3.std.stream"
Found file [0x0000020452639DC4] "Mbb.txd" with handler "gta3.std.stream"
Found file [0x00000204AB61BF1F] "medic.txd" with handler "gta3.std.stream"
Found file [0x00000204B4DC01B6] "mgoona.txd" with handler "gta3.std.stream"
Found file [0x000002047E787D60] "mporna.txd" with handler "gta3.std.stream"
Found file [0x000002044631797D] "mserver.txd" with handler "gta3.std.stream"
Found file [0x0000020410A20FC9] "Pga.txd" with handler "gta3.std.stream"
Found file [0x0000020473D94916] "Pgb.txd" with handler "gta3.std.stream"
Found file [0x000002044E83304B] "printra.txd" with handler "gta3.std.stream"
Found file [0x0000020495D94DC4] "printrb.txd" with handler "gta3.std.stream"
Found file [0x00000204E4C94F19] "printrc.txd" with handler "gta3.std.stream"
Found file [0x00000204E7E2FB1B] "psycho.txd" with handler "gta3.std.stream"
Found file [0x0000020438796C60] "sam.txd" with handler "gta3.std.stream"
Found file [0x000002041E67B812] "sfrenda.txd" with handler "gta3.std.stream"
Found file [0x00000204829774E5] "sfrendb.txd" with handler "gta3.std.stream"
Found file [0x0000020442B57A5A] "Sga.txd" with handler "gta3.std.stream"
Found file [0x0000020442317AED] "Sgb.txd" with handler "gta3.std.stream"
Found file [0x00000204DB7795E8] "sgc.txd" with handler "gta3.std.stream"
Found file [0x0000020498463048] "sgoona.txd" with handler "gta3.std.stream"
Found file [0x00000204798770DF] "sgoonb.txd" with handler "gta3.std.stream"
Found file [0x000002045005D324] "spandxa.txd" with handler "gta3.std.stream"
Found file [0x0000020406354CAB] "spandxb.txd" with handler "gta3.std.stream"
Found file [0x000002049896ECFC] "Stripa.txd" with handler "gta3.std.stream"
Found file [0x00000204EC3BCEE3] "stripb.txd" with handler "gta3.std.stream"
Found file [0x00000204AD4BE5BE] "stripc.txd" with handler "gta3.std.stream"
Found file [0x000002042B0C4696] "swat.txd" with handler "gta3.std.stream"
Found file [0x000002047ED03946] "S_keep.txd" with handler "gta3.std.stream"
Found file [0x00000204AF533E59] "vice1.txd" with handler "gta3.std.stream"
Found file [0x000002044D7548A6] "vice2.txd" with handler "gta3.std.stream"
Found file [0x000002041691228B] "vice3.txd" with handler "gta3.std.stream"
Found file [0x00000204197D9688] "vice4.txd" with handler "gta3.std.stream"
Found file [0x00000204F38F8E0D] "vice5.txd" with handler "gta3.std.stream"
Found file [0x00000204F415217A] "vice6.txd" with handler "gta3.std.stream"
Found file [0x00000204F8446E1F] "vice7.txd" with handler "gta3.std.stream"
Found file [0x000002045DB9E77C] "vice8.txd" with handler "gta3.std.stream"
Found file [0x0000020403A7F9C0] "wfobe.txd" with handler "gta3.std.stream"
Found file [0x000002046261B351] "wfogo.txd" with handler "gta3.std.stream"
Found file [0x0000020482C5C454] "wfori.txd" with handler "gta3.std.stream"
Found file [0x0000020403D8E826] "wfosh.txd" with handler "gta3.std.stream"
Found file [0x0000020405AB7542] "wfost.txd" with handler "gta3.std.stream"
Found file [0x000002047E089565] "wfotr.txd" with handler "gta3.std.stream"
Found file [0x00000204BE27B84E] "wfybe.txd" with handler "gta3.std.stream"
Found file [0x00000204990BC79E] "wfybu.txd" with handler "gta3.std.stream"
Found file [0x000002047E4EA8BD] "wfyg1.txd" with handler "gta3.std.stream"
Found file [0x000002047ED43BEA] "wfyg2.txd" with handler "gta3.std.stream"
Found file [0x00000204785F77F4] "wfyjg.txd" with handler "gta3.std.stream"
Found file [0x00000204FA8D99CA] "WFYLG.txd" with handler "gta3.std.stream"
Found file [0x000002048282A6DF] "wfypr.txd" with handler "gta3.std.stream"
Found file [0x00000204D17D7C1A] "wfyri.txd" with handler "gta3.std.stream"
Found file [0x0000020438DDE2BC] "wfysh.txd" with handler "gta3.std.stream"
Found file [0x000002048C82C4A3] "wfysk.txd" with handler "gta3.std.stream"
Found file [0x00000204522C57F8] "wfyst.txd" with handler "gta3.std.stream"
Found file [0x00000204EB60B215] "wmobe.txd" with handler "gta3.std.stream"
Found file [0x00000204904EC3E5] "wmobu.txd" with handler "gta3.std.stream"
Found file [0x00000204BCBEEF7A] "wmoca.txd" with handler "gta3.std.stream"
Found file [0x0000020420A56358] "wmogo.txd" with handler "gta3.std.stream"
Found file [0x0000020406F367B9] "wmori.txd" with handler "gta3.std.stream"
Found file [0x00000204B791D3CB] "wmost.txd" with handler "gta3.std.stream"
Found file [0x00000204EABC2034] "wmotr.txd" with handler "gta3.std.stream"
Found file [0x00000204F77A3F13] "wmybe.txd" with handler "gta3.std.stream"
Found file [0x0000020499EF7AE3] "wmybu.txd" with handler "gta3.std.stream"
Found file [0x000002048F16BC47] "wmycr.txd" with handler "gta3.std.stream"
Found file [0x0000020446D22E6E] "wmycw.txd" with handler "gta3.std.stream"
Found file [0x00000204B66A2AD2] "wmygo.txd" with handler "gta3.std.stream"
Found file [0x0000020448F84459] "wmyjg.txd" with handler "gta3.std.stream"
Found file [0x0000020418180F3B] "WMYLG.txd" with handler "gta3.std.stream"
Found file [0x00000204147C0919] "wmypi.txd" with handler "gta3.std.stream"
Found file [0x00000204C5A47E7F] "wmyri.txd" with handler "gta3.std.stream"
Found file [0x0000020465E613AA] "wmysk.txd" with handler "gta3.std.stream"
Found file [0x000002048606D891] "wmyst.txd" with handler "gta3.std.stream"

Scanning files at "modloader\hd_radar\"...
Found file [0x0000000094DF2F71] "models\fronten2.txd" with handler "gta3.std.fx"
Found file [0x000002049B0D66C5] "radar00.txd" with handler "gta3.std.stream"
Found file [0x000002045C42FA00] "radar01.txd" with handler "gta3.std.stream"
Found file [0x00000204024B4B37] "radar02.txd" with handler "gta3.std.stream"
Found file [0x00000204395680F2] "radar03.txd" with handler "gta3.std.stream"
Found file [0x00000204F1CA82B1] "radar04.txd" with handler "gta3.std.stream"
Found file [0x00000204DDC3BEDC] "radar05.txd" with handler "gta3.std.stream"
Found file [0x00000204BE0D6843] "radar06.txd" with handler "gta3.std.stream"
Found file [0x00000204F277249E] "radar07.txd" with handler "gta3.std.stream"
Found file [0x00000204003FC0ED] "radar08.txd" with handler "gta3.std.stream"
Found file [0x000002049985DBE8] "radar09.txd" with handler "gta3.std.stream"
Found file [0x00000204724C06C2] "radar10.txd" with handler "gta3.std.stream"
Found file [0x00000204762BA247] "radar11.txd" with handler "gta3.std.stream"
Found file [0x00000204953A1310] "radar12.txd" with handler "gta3.std.stream"
Found file [0x000002049919AE95] "radar13.txd" with handler "gta3.std.stream"
Found file [0x000002042DE7146E] "radar14.txd" with handler "gta3.std.stream"
Found file [0x0000020431EDBE93] "radar15.txd" with handler "gta3.std.stream"
Found file [0x00000204DE4A706C] "radar16.txd" with handler "gta3.std.stream"
Found file [0x000002042AC00881] "radar17.txd" with handler "gta3.std.stream"
Found file [0x0000020474A5AA6A] "radar18.txd" with handler "gta3.std.stream"
Found file [0x000002044062FCCF] "radar19.txd" with handler "gta3.std.stream"
Found file [0x00000204A1B09B5F] "radar20.txd" with handler "gta3.std.stream"
Found file [0x000002049D82E0BA] "radar21.txd" with handler "gta3.std.stream"
Found file [0x000002049A82E54D] "radar22.txd" with handler "gta3.std.stream"
Found file [0x00000204C06F5AC8] "radar23.txd" with handler "gta3.std.stream"
Found file [0x00000204BFFEE2CB] "radar24.txd" with handler "gta3.std.stream"
Found file [0x00000204F4670CE6] "radar25.txd" with handler "gta3.std.stream"
Found file [0x0000020456450199] "radar26.txd" with handler "gta3.std.stream"
Found file [0x0000020407550044] "radar27.txd" with handler "gta3.std.stream"
Found file [0x000002049F08D897] "radar28.txd" with handler "gta3.std.stream"
Found file [0x00000204603FFFD2] "radar29.txd" with handler "gta3.std.stream"
Found file [0x000002048EAD1D4C] "radar30.txd" with handler "gta3.std.stream"
Found file [0x000002046A4379E1] "radar31.txd" with handler "gta3.std.stream"
Found file [0x000002046AF1AECE] "radar32.txd" with handler "gta3.std.stream"
Found file [0x000002046EF859F3] "radar33.txd" with handler "gta3.std.stream"
Found file [0x00000204459CC0F0] "radar34.txd" with handler "gta3.std.stream"
Found file [0x000002044BF6C575] "radar35.txd" with handler "gta3.std.stream"
Found file [0x00000204AF56A122] "radar36.txd" with handler "gta3.std.stream"
Found file [0x00000204B334A9A7] "radar37.txd" with handler "gta3.std.stream"
Found file [0x0000020458E477D4] "radar38.txd" with handler "gta3.std.stream"
Found file [0x000002046CEB3BA9] "radar39.txd" with handler "gta3.std.stream"
Found file [0x00000204934E09F9] "radar40.txd" with handler "gta3.std.stream"
Found file [0x00000204BA321624] "radar41.txd" with handler "gta3.std.stream"
Found file [0x0000020470618FAB] "radar42.txd" with handler "gta3.std.stream"
Found file [0x0000020431701446] "radar43.txd" with handler "gta3.std.stream"
Found file [0x00000204DA0655AD] "radar44.txd" with handler "gta3.std.stream"
Found file [0x0000020470D207A8] "radar45.txd" with handler "gta3.std.stream"
Found file [0x00000204DEB9A2BF] "radar46.txd" with handler "gta3.std.stream"
Found file [0x00000204DA8BE81A] "radar47.txd" with handler "gta3.std.stream"
Found file [0x00000204CB911871] "radar48.txd" with handler "gta3.std.stream"
Found file [0x00000204B78A539C] "radar49.txd" with handler "gta3.std.stream"
Found file [0x000002046A672D56] "radar50.txd" with handler "gta3.std.stream"
Found file [0x0000020470E8417B] "radar51.txd" with handler "gta3.std.stream"
Found file [0x00000204F3292F34] "radar52.txd" with handler "gta3.std.stream"
Found file [0x00000204072FF309] "radar53.txd" with handler "gta3.std.stream"
Found file [0x000002044E6C3F2A] "radar54.txd" with handler "gta3.std.stream"
Found file [0x0000020417B0BB8F] "radar55.txd" with handler "gta3.std.stream"
Found file [0x00000204715A4C78] "radar56.txd" with handler "gta3.std.stream"
Found file [0x000002044B6C43FD] "radar57.txd" with handler "gta3.std.stream"
Found file [0x000002040534D32E] "radar58.txd" with handler "gta3.std.stream"
Found file [0x00000204093B7E53] "radar59.txd" with handler "gta3.std.stream"
Found file [0x000002048FA37993] "radar60.txd" with handler "gta3.std.stream"
Found file [0x000002048B9CCF6E] "radar61.txd" with handler "gta3.std.stream"
Found file [0x000002048875C381] "radar62.txd" with handler "gta3.std.stream"
Found file [0x000002043C002B6C] "radar63.txd" with handler "gta3.std.stream"

Scanning files at "modloader\hd_radaricons\"...
Found file [0x000000001AD1322E] "hud.txd" with handler "gta3.std.fx"

Scanning files at "modloader\hd_ui\"...
Found file [0x00000000958BD15E] "models\fronten1.txd" with handler "gta3.std.fx"
Found file [0x000000022A6B2CE8] "txd\intro1.txd" with handler "gta3.std.sprites"
Found file [0x000000029852C7FF] "txd\intro2.txd" with handler "gta3.std.sprites"
Found file [0x0000000291A9115A] "txd\intro3.txd" with handler "gta3.std.sprites"
Found file [0x000000024CE72E39] "txd\intro4.txd" with handler "gta3.std.sprites"
Found file [0x0000000272BCE41B] "txd\LOADSC0.TXD" with handler "gta3.std.sprites"
Found file [0x000000026EB639F6] "txd\LOADSC1.TXD" with handler "gta3.std.sprites"
Found file [0x00000002FAB1C95E] "txd\LOADSC10.TXD" with handler "gta3.std.sprites"
Found file [0x00000002C6499F03] "txd\LOADSC11.TXD" with handler "gta3.std.sprites"
Found file [0x00000002E5FE629C] "txd\LOADSC12.TXD" with handler "gta3.std.sprites"
Found file [0x00000002FA052771] "txd\LOADSC13.TXD" with handler "gta3.std.sprites"
Found file [0x000000029823C729] "txd\LOADSC2.TXD" with handler "gta3.std.sprites"
Found file [0x00000002841D0354] "txd\LOADSC3.TXD" with handler "gta3.std.sprites"
Found file [0x000000021BFFC82F] "txd\LOADSC4.TXD" with handler "gta3.std.sprites"
Found file [0x00000002DCE73D4A] "txd\LOADSC5.TXD" with handler "gta3.std.sprites"
Found file [0x00000002DC61AA1D] "txd\LOADSC6.TXD" with handler "gta3.std.sprites"
Found file [0x0000000275A7C518] "txd\LOADSC7.TXD" with handler "gta3.std.sprites"
Found file [0x000000029A30E573] "txd\LOADSC8.TXD" with handler "gta3.std.sprites"
Found file [0x00000002962A3A4E] "txd\LOADSC9.TXD" with handler "gta3.std.sprites"
Found file [0x00000002BB965EDC] "txd\outro.txd" with handler "gta3.std.sprites"

Scanning files at "modloader\hd__weaponicons\"...
Found file [0x000002041C878D4C] "bat.txd" with handler "gta3.std.stream"
Found file [0x000002047D33FE5B] "bomb.txd" with handler "gta3.std.stream"
Found file [0x000002043A0EFACD] "brassknuckle.txd" with handler "gta3.std.stream"
Found file [0x00000204BBDB2FD9] "buddyshot.txd" with handler "gta3.std.stream"
Found file [0x00000204CF89DF12] "camera.txd" with handler "gta3.std.stream"
Found file [0x00000204D6A6C5B3] "chnsaw.txd" with handler "gta3.std.stream"
Found file [0x00000204ED53335D] "chromegun.txd" with handler "gta3.std.stream"
Found file [0x00000204360D64CF] "cleaver.txd" with handler "gta3.std.stream"
Found file [0x00000204BB3BA1B0] "colt45.txd" with handler "gta3.std.stream"
Found file [0x0000020417C19E8C] "flame.txd" with handler "gta3.std.stream"
Found file [0x0000020498F446CB] "golfclub.txd" with handler "gta3.std.stream"
Found file [0x0000020492EAC7F3] "grenade.txd" with handler "gta3.std.stream"
Found file [0x0000020470E97A89] "hammer.txd" with handler "gta3.std.stream"
Found file [0x000002048B5A08D2] "ingramsl.txd" with handler "gta3.std.stream"
Found file [0x000002041F807115] "katana.txd" with handler "gta3.std.stream"
Found file [0x00000204F63885C8] "knifecur.txd" with handler "gta3.std.stream"
Found file [0x000002046D54A694] "laser.txd" with handler "gta3.std.stream"
Found file [0x000002042F40E290] "m4.txd" with handler "gta3.std.stream"
Found file [0x00000204A41334B2] "m60.txd" with handler "gta3.std.stream"
Found file [0x00000204C17B25F8] "machete.txd" with handler "gta3.std.stream"
Found file [0x00000204C89412F4] "minigun.txd" with handler "gta3.std.stream"
Found file [0x0000020480FAF913] "molotov.txd" with handler "gta3.std.stream"
Found file [0x00000204916669BA] "mp5lng.txd" with handler "gta3.std.stream"
Found file [0x0000020434E48777] "nitestick.txd" with handler "gta3.std.stream"
Found file [0x00000204B284F365] "python.txd" with handler "gta3.std.stream"
Found file [0x00000204D09ECA8A] "rocketla.txd" with handler "gta3.std.stream"
Found file [0x00000204C9108B92] "ruger.txd" with handler "gta3.std.stream"
Found file [0x000002045F7BA4D3] "screwdriver.txd" with handler "gta3.std.stream"
Found file [0x00000204E35C4410] "shotgspa.txd" with handler "gta3.std.stream"
Found file [0x0000020411B74C66] "sniper.txd" with handler "gta3.std.stream"
Found file [0x0000020487C9F04A] "teargas.txd" with handler "gta3.std.stream"
Found file [0x00000204EDE7345E] "tec9.txd" with handler "gta3.std.stream"
Found file [0x00000204C27EDD13] "uzi.txd" with handler "gta3.std.stream"

Scanning files at "modloader\xboxvehicles\"...
Found file [0x00000104C7CBA67F] "Generic\wheels.DFF" with handler "gta3.std.stream"
Found file [0x00000204E1F2DE13] "Generic\wheels.TXD" with handler "gta3.std.stream"
No handler or callme for file "xcars.dir"
Found file [0x00000001EE085A5D] "xcars.img" with handler "gta3.std.stream"

Updating mods for "modloader\"...
Updating state for "modloader\hd_ui\"...
Installing file "modloader\hd_ui\models\fronten1.txd"
Installing file "modloader\hd_ui\txd\intro1.txd"
Installing file "modloader\hd_ui\txd\intro2.txd"
Installing file "modloader\hd_ui\txd\intro3.txd"
Installing file "modloader\hd_ui\txd\intro4.txd"
Installing file "modloader\hd_ui\txd\loadsc0.txd"
Installing file "modloader\hd_ui\txd\loadsc1.txd"
Installing file "modloader\hd_ui\txd\loadsc10.txd"
Installing file "modloader\hd_ui\txd\loadsc11.txd"
Installing file "modloader\hd_ui\txd\loadsc12.txd"
Installing file "modloader\hd_ui\txd\loadsc13.txd"
Installing file "modloader\hd_ui\txd\loadsc2.txd"
Installing file "modloader\hd_ui\txd\loadsc3.txd"
Installing file "modloader\hd_ui\txd\loadsc4.txd"
Installing file "modloader\hd_ui\txd\loadsc5.txd"
Installing file "modloader\hd_ui\txd\loadsc6.txd"
Installing file "modloader\hd_ui\txd\loadsc7.txd"
Installing file "modloader\hd_ui\txd\loadsc8.txd"
Installing file "modloader\hd_ui\txd\loadsc9.txd"
Installing file "modloader\hd_ui\txd\outro.txd"
Updating state for "modloader\hd_radar\"...
Installing file "modloader\hd_radar\models\fronten2.txd"
Installing file "modloader\hd_radar\radar00.txd"
Installing file "modloader\hd_radar\radar01.txd"
Installing file "modloader\hd_radar\radar02.txd"
Installing file "modloader\hd_radar\radar03.txd"
Installing file "modloader\hd_radar\radar04.txd"
Installing file "modloader\hd_radar\radar05.txd"
Installing file "modloader\hd_radar\radar06.txd"
Installing file "modloader\hd_radar\radar07.txd"
Installing file "modloader\hd_radar\radar08.txd"
Installing file "modloader\hd_radar\radar09.txd"
Installing file "modloader\hd_radar\radar10.txd"
Installing file "modloader\hd_radar\radar11.txd"
Installing file "modloader\hd_radar\radar12.txd"
Installing file "modloader\hd_radar\radar13.txd"
Installing file "modloader\hd_radar\radar14.txd"
Installing file "modloader\hd_radar\radar15.txd"
Installing file "modloader\hd_radar\radar16.txd"
Installing file "modloader\hd_radar\radar17.txd"
Installing file "modloader\hd_radar\radar18.txd"
Installing file "modloader\hd_radar\radar19.txd"
Installing file "modloader\hd_radar\radar20.txd"
Installing file "modloader\hd_radar\radar21.txd"
Installing file "modloader\hd_radar\radar22.txd"
Installing file "modloader\hd_radar\radar23.txd"
Installing file "modloader\hd_radar\radar24.txd"
Installing file "modloader\hd_radar\radar25.txd"
Installing file "modloader\hd_radar\radar26.txd"
Installing file "modloader\hd_radar\radar27.txd"
Installing file "modloader\hd_radar\radar28.txd"
Installing file "modloader\hd_radar\radar29.txd"
Installing file "modloader\hd_radar\radar30.txd"
Installing file "modloader\hd_radar\radar31.txd"
Installing file "modloader\hd_radar\radar32.txd"
Installing file "modloader\hd_radar\radar33.txd"
Installing file "modloader\hd_radar\radar34.txd"
Installing file "modloader\hd_radar\radar35.txd"
Installing file "modloader\hd_radar\radar36.txd"
Installing file "modloader\hd_radar\radar37.txd"
Installing file "modloader\hd_radar\radar38.txd"
Installing file "modloader\hd_radar\radar39.txd"
Installing file "modloader\hd_radar\radar40.txd"
Installing file "modloader\hd_radar\radar41.txd"
Installing file "modloader\hd_radar\radar42.txd"
Installing file "modloader\hd_radar\radar43.txd"
Installing file "modloader\hd_radar\radar44.txd"
Installing file "modloader\hd_radar\radar45.txd"
Installing file "modloader\hd_radar\radar46.txd"
Installing file "modloader\hd_radar\radar47.txd"
Installing file "modloader\hd_radar\radar48.txd"
Installing file "modloader\hd_radar\radar49.txd"
Installing file "modloader\hd_radar\radar50.txd"
Installing file "modloader\hd_radar\radar51.txd"
Installing file "modloader\hd_radar\radar52.txd"
Installing file "modloader\hd_radar\radar53.txd"
Installing file "modloader\hd_radar\radar54.txd"
Installing file "modloader\hd_radar\radar55.txd"
Installing file "modloader\hd_radar\radar56.txd"
Installing file "modloader\hd_radar\radar57.txd"
Installing file "modloader\hd_radar\radar58.txd"
Installing file "modloader\hd_radar\radar59.txd"
Installing file "modloader\hd_radar\radar60.txd"
Installing file "modloader\hd_radar\radar61.txd"
Installing file "modloader\hd_radar\radar62.txd"
Installing file "modloader\hd_radar\radar63.txd"
Updating state for "modloader\xboxvehicles\"...
Installing file "modloader\xboxvehicles\generic\wheels.dff"
Installing file "modloader\xboxvehicles\generic\wheels.txd"
Installing file "modloader\xboxvehicles\xcars.img"
Updating state for "modloader\hd_characters\"...
Installing file "modloader\hd_characters\apoulet.txd"
Installing file "modloader\hd_characters\army.txd"
Installing file "modloader\hd_characters\bfobe.txd"
Installing file "modloader\hd_characters\bfori.txd"
Installing file "modloader\hd_characters\bfost.txd"
Installing file "modloader\hd_characters\bfotr.txd"
Installing file "modloader\hd_characters\bfybe.txd"
Installing file "modloader\hd_characters\bfypr.txd"
Installing file "modloader\hd_characters\bfyri.txd"
Installing file "modloader\hd_characters\bfyst.txd"
Installing file "modloader\hd_characters\bga.txd"
Installing file "modloader\hd_characters\bgb.txd"
Installing file "modloader\hd_characters\bka.txd"
Installing file "modloader\hd_characters\bkb.txd"
Installing file "modloader\hd_characters\bmobe.txd"
Installing file "modloader\hd_characters\bmodk.txd"
Installing file "modloader\hd_characters\bmost.txd"
Installing file "modloader\hd_characters\bmotr.txd"
Installing file "modloader\hd_characters\bmybb.txd"
Installing file "modloader\hd_characters\bmybe.txd"
Installing file "modloader\hd_characters\bmybu.txd"
Installing file "modloader\hd_characters\bmycr.txd"
Installing file "modloader\hd_characters\bmypi.txd"
Installing file "modloader\hd_characters\bmyri.txd"
Installing file "modloader\hd_characters\bmyst.txd"
Installing file "modloader\hd_characters\bounca.txd"
Installing file "modloader\hd_characters\burger.txd"
Installing file "modloader\hd_characters\cba.txd"
Installing file "modloader\hd_characters\cbb.txd"
Installing file "modloader\hd_characters\cdrivra.txd"
Installing file "modloader\hd_characters\cdrivrb.txd"
Installing file "modloader\hd_characters\cgona.txd"
Installing file "modloader\hd_characters\cgonb.txd"
Installing file "modloader\hd_characters\cgonc.txd"
Installing file "modloader\hd_characters\chef.txd"
Installing file "modloader\hd_characters\cla.txd"
Installing file "modloader\hd_characters\clb.txd"
Installing file "modloader\hd_characters\cmraman.txd"
Installing file "modloader\hd_characters\cop.txd"
Installing file "modloader\hd_characters\courier.txd"
Installing file "modloader\hd_characters\crewa.txd"
Installing file "modloader\hd_characters\crewb.txd"
Installing file "modloader\hd_characters\csalsb2.txd"
Installing file "modloader\hd_characters\csalscb.txd"
Installing file "modloader\hd_characters\csassa.txd"
Installing file "modloader\hd_characters\csassb.txd"
Installing file "modloader\hd_characters\csassc.txd"
Installing file "modloader\hd_characters\csavery.txd"
Installing file "modloader\hd_characters\csbigm.txd"
Installing file "modloader\hd_characters\csbj.txd"
Installing file "modloader\hd_characters\csbuddy.txd"
Installing file "modloader\hd_characters\cscamj.txd"
Installing file "modloader\hd_characters\cscandy.txd"
Installing file "modloader\hd_characters\cscolo.txd"
Installing file "modloader\hd_characters\csdeal.txd"
Installing file "modloader\hd_characters\csdiaz.txd"
Installing file "modloader\hd_characters\csdick.txd"
Installing file "modloader\hd_characters\csdirec.txd"
Installing file "modloader\hd_characters\csdlove.txd"
Installing file "modloader\hd_characters\csdoris.txd"
Installing file "modloader\hd_characters\cservra.txd"
Installing file "modloader\hd_characters\cservrb.txd"
Installing file "modloader\hd_characters\csgonz.txd"
Installing file "modloader\hd_characters\cshlary.txd"
Installing file "modloader\hd_characters\csjezz.txd"
Installing file "modloader\hd_characters\csjuggz.txd"
Installing file "modloader\hd_characters\cskelly.txd"
Installing file "modloader\hd_characters\csken.txd"
Installing file "modloader\hd_characters\cskent.txd"
Installing file "modloader\hd_characters\csmaude.txd"
Installing file "modloader\hd_characters\csmerc.txd"
Installing file "modloader\hd_characters\csmerc2.txd"
Installing file "modloader\hd_characters\cspablo.txd"
Installing file "modloader\hd_characters\cspapa.txd"
Installing file "modloader\hd_characters\cspepe.txd"
Installing file "modloader\hd_characters\cspercy.txd"
Installing file "modloader\hd_characters\csphil.txd"
Installing file "modloader\hd_characters\csrich.txd"
Installing file "modloader\hd_characters\cssonny.txd"
Installing file "modloader\hd_characters\csumbto.txd"
Installing file "modloader\hd_characters\dgoona.txd"
Installing file "modloader\hd_characters\dgoonb.txd"
Installing file "modloader\hd_characters\dgoonc.txd"
Installing file "modloader\hd_characters\fbi.txd"
Installing file "modloader\hd_characters\fireman.txd"
Installing file "modloader\hd_characters\floozya.txd"
Installing file "modloader\hd_characters\floozyb.txd"
Installing file "modloader\hd_characters\floozyc.txd"
Installing file "modloader\hd_characters\fsfa.txd"
Installing file "modloader\hd_characters\gda.txd"
Installing file "modloader\hd_characters\gdb.txd"
Installing file "modloader\hd_characters\hfobe.txd"
Installing file "modloader\hd_characters\hfori.txd"
Installing file "modloader\hd_characters\hfost.txd"
Installing file "modloader\hd_characters\hfotr.txd"
Installing file "modloader\hd_characters\hfybe.txd"
Installing file "modloader\hd_characters\hfybu.txd"
Installing file "modloader\hd_characters\hfycg.txd"
Installing file "modloader\hd_characters\hfymd.txd"
Installing file "modloader\hd_characters\hfypr.txd"
Installing file "modloader\hd_characters\hfyri.txd"
Installing file "modloader\hd_characters\hfyst.txd"
Installing file "modloader\hd_characters\hmobe.txd"
Installing file "modloader\hd_characters\hmoca.txd"
Installing file "modloader\hd_characters\hmori.txd"
Installing file "modloader\hd_characters\hmost.txd"
Installing file "modloader\hd_characters\hmotr.txd"
Installing file "modloader\hd_characters\hmyap.txd"
Installing file "modloader\hd_characters\hmybe.txd"
Installing file "modloader\hd_characters\hmyri.txd"
Installing file "modloader\hd_characters\hmyst.txd"
Installing file "modloader\hd_characters\hna.txd"
Installing file "modloader\hd_characters\hnb.txd"
Installing file "modloader\hd_characters\igalscb.txd"
Installing file "modloader\hd_characters\igbuddy.txd"
Installing file "modloader\hd_characters\igbudy2.txd"
Installing file "modloader\hd_characters\igbudy3.txd"
Installing file "modloader\hd_characters\igcandy.txd"
Installing file "modloader\hd_characters\igcolon.txd"
Installing file "modloader\hd_characters\igdiaz.txd"
Installing file "modloader\hd_characters\igdick.txd"
Installing file "modloader\hd_characters\iggonz.txd"
Installing file "modloader\hd_characters\ighlary.txd"
Installing file "modloader\hd_characters\ighlry2.txd"
Installing file "modloader\hd_characters\igjezz.txd"
Installing file "modloader\hd_characters\igken.txd"
Installing file "modloader\hd_characters\igmerc.txd"
Installing file "modloader\hd_characters\igmerc2.txd"
Installing file "modloader\hd_characters\igmike.txd"
Installing file "modloader\hd_characters\igmike2.txd"
Installing file "modloader\hd_characters\igpercy.txd"
Installing file "modloader\hd_characters\igphil.txd"
Installing file "modloader\hd_characters\igphil2.txd"
Installing file "modloader\hd_characters\igphil3.txd"
Installing file "modloader\hd_characters\igsonny.txd"
Installing file "modloader\hd_characters\jfoto.txd"
Installing file "modloader\hd_characters\jmoto.txd"
Installing file "modloader\hd_characters\male01.txd"
Installing file "modloader\hd_characters\mba.txd"
Installing file "modloader\hd_characters\mbb.txd"
Installing file "modloader\hd_characters\medic.txd"
Installing file "modloader\hd_characters\mgoona.txd"
Installing file "modloader\hd_characters\mporna.txd"
Installing file "modloader\hd_characters\mserver.txd"
Installing file "modloader\hd_characters\pga.txd"
Installing file "modloader\hd_characters\pgb.txd"
Installing file "modloader\hd_characters\printra.txd"
Installing file "modloader\hd_characters\printrb.txd"
Installing file "modloader\hd_characters\printrc.txd"
Installing file "modloader\hd_characters\psycho.txd"
Installing file "modloader\hd_characters\s_keep.txd"
Installing file "modloader\hd_characters\sam.txd"
Installing file "modloader\hd_characters\sfrenda.txd"
Installing file "modloader\hd_characters\sfrendb.txd"
Installing file "modloader\hd_characters\sga.txd"
Installing file "modloader\hd_characters\sgb.txd"
Installing file "modloader\hd_characters\sgc.txd"
Installing file "modloader\hd_characters\sgoona.txd"
Installing file "modloader\hd_characters\sgoonb.txd"
Installing file "modloader\hd_characters\spandxa.txd"
Installing file "modloader\hd_characters\spandxb.txd"
Installing file "modloader\hd_characters\stripa.txd"
Installing file "modloader\hd_characters\stripb.txd"
Installing file "modloader\hd_characters\stripc.txd"
Installing file "modloader\hd_characters\swat.txd"
Installing file "modloader\hd_characters\vice1.txd"
Installing file "modloader\hd_characters\vice2.txd"
Installing file "modloader\hd_characters\vice3.txd"
Installing file "modloader\hd_characters\vice4.txd"
Installing file "modloader\hd_characters\vice5.txd"
Installing file "modloader\hd_characters\vice6.txd"
Installing file "modloader\hd_characters\vice7.txd"
Installing file "modloader\hd_characters\vice8.txd"
Installing file "modloader\hd_characters\wfobe.txd"
Installing file "modloader\hd_characters\wfogo.txd"
Installing file "modloader\hd_characters\wfori.txd"
Installing file "modloader\hd_characters\wfosh.txd"
Installing file "modloader\hd_characters\wfost.txd"
Installing file "modloader\hd_characters\wfotr.txd"
Installing file "modloader\hd_characters\wfybe.txd"
Installing file "modloader\hd_characters\wfybu.txd"
Installing file "modloader\hd_characters\wfyg1.txd"
Installing file "modloader\hd_characters\wfyg2.txd"
Installing file "modloader\hd_characters\wfyjg.txd"
Installing file "modloader\hd_characters\wfylg.txd"
Installing file "modloader\hd_characters\wfypr.txd"
Installing file "modloader\hd_characters\wfyri.txd"
Installing file "modloader\hd_characters\wfysh.txd"
Installing file "modloader\hd_characters\wfysk.txd"
Installing file "modloader\hd_characters\wfyst.txd"
Installing file "modloader\hd_characters\wmobe.txd"
Installing file "modloader\hd_characters\wmobu.txd"
Installing file "modloader\hd_characters\wmoca.txd"
Installing file "modloader\hd_characters\wmogo.txd"
Installing file "modloader\hd_characters\wmori.txd"
Installing file "modloader\hd_characters\wmost.txd"
Installing file "modloader\hd_characters\wmotr.txd"
Installing file "modloader\hd_characters\wmybe.txd"
Installing file "modloader\hd_characters\wmybu.txd"
Installing file "modloader\hd_characters\wmycr.txd"
Installing file "modloader\hd_characters\wmycw.txd"
Installing file "modloader\hd_characters\wmygo.txd"
Installing file "modloader\hd_characters\wmyjg.txd"
Installing file "modloader\hd_characters\wmylg.txd"
Installing file "modloader\hd_characters\wmypi.txd"
Installing file "modloader\hd_characters\wmyri.txd"
Installing file "modloader\hd_characters\wmysk.txd"
Installing file "modloader\hd_characters\wmyst.txd"
Updating state for "modloader\hd_radaricons\"...
Installing file "modloader\hd_radaricons\hud.txd"
Updating state for "modloader\hd__weaponicons\"...
Installing file "modloader\hd__weaponicons\bat.txd"
Installing file "modloader\hd__weaponicons\bomb.txd"
Installing file "modloader\hd__weaponicons\brassknuckle.txd"
Installing file "modloader\hd__weaponicons\buddyshot.txd"
Installing file "modloader\hd__weaponicons\camera.txd"
Installing file "modloader\hd__weaponicons\chnsaw.txd"
Installing file "modloader\hd__weaponicons\chromegun.txd"
Installing file "modloader\hd__weaponicons\cleaver.txd"
Installing file "modloader\hd__weaponicons\colt45.txd"
Installing file "modloader\hd__weaponicons\flame.txd"
Installing file "modloader\hd__weaponicons\golfclub.txd"
Installing file "modloader\hd__weaponicons\grenade.txd"
Installing file "modloader\hd__weaponicons\hammer.txd"
Installing file "modloader\hd__weaponicons\ingramsl.txd"
Installing file "modloader\hd__weaponicons\katana.txd"
Installing file "modloader\hd__weaponicons\knifecur.txd"
Installing file "modloader\hd__weaponicons\laser.txd"
Installing file "modloader\hd__weaponicons\m4.txd"
Installing file "modloader\hd__weaponicons\m60.txd"
Installing file "modloader\hd__weaponicons\machete.txd"
Installing file "modloader\hd__weaponicons\minigun.txd"
Installing file "modloader\hd__weaponicons\molotov.txd"
Installing file "modloader\hd__weaponicons\mp5lng.txd"
Installing file "modloader\hd__weaponicons\nitestick.txd"
Installing file "modloader\hd__weaponicons\python.txd"
Installing file "modloader\hd__weaponicons\rocketla.txd"
Installing file "modloader\hd__weaponicons\ruger.txd"
Installing file "modloader\hd__weaponicons\screwdriver.txd"
Installing file "modloader\hd__weaponicons\shotgspa.txd"
Installing file "modloader\hd__weaponicons\sniper.txd"
Installing file "modloader\hd__weaponicons\teargas.txd"
Installing file "modloader\hd__weaponicons\tec9.txd"
Installing file "modloader\hd__weaponicons\uzi.txd"
Updating gta3.std.data state...
Done updating gta3.std.data state.
Starting up filesystem watcher...

Mod Loader has started up!

Loading splash sprite "E:\Grand Theft Auto Vice City\modloader\hd_ui\txd\loadsc0.txd"
Loading default vehicles handling "HANDLING.CFG"
Loading default surface adhesion limits "DATA\SURFACE.DAT"
Loading default ped stats "PEDSTATS.DAT"
Loading default time cycle properties "TIMECYC.DAT"
Loading splash sprite "E:\Grand Theft Auto Vice City\modloader\hd_ui\txd\loadsc2.txd"
Loading default particle data "PARTICLE.CFG"
Opening file for streaming "MODELS\GTA3.IMG"
Loading default level file "DATA\DEFAULT.DAT"
Loading default object types "DATA\DEFAULT.IDE "
Using non-streamed resource "modloader\xboxvehicles\generic\wheels.txd"
Using non-streamed resource "modloader\xboxvehicles\generic\wheels.dff"
Loading default level file "DATA\GTA_VC.DAT"
Opening file for streaming "modloader\xboxvehicles\xcars.img"
Loading default object types "DATA\MAPS\generic.IDE "
Loading default object types "DATA\MAPS\littleha\littleha.IDE "
Loading default object types "DATA\MAPS\downtown\downtown.IDE "
Loading default object types "DATA\MAPS\downtows\downtows.IDE "
Loading default object types "DATA\MAPS\docks\docks.IDE "
Loading default object types "DATA\MAPS\washintn\washintn.IDE "
Loading default object types "DATA\MAPS\washints\washints.IDE "
Loading default object types "DATA\MAPS\oceandrv\oceandrv.IDE "
Loading default object types "DATA\MAPS\oceandn\oceandn.IDE "
Loading default object types "DATA\MAPS\golf\golf.IDE "
Loading default object types "DATA\MAPS\bridge\bridge.IDE "
Loading default object types "DATA\MAPS\starisl\starisl.IDE "
Loading default object types "DATA\MAPS\nbeachbt\nbeachbt.IDE "
Loading default object types "DATA\MAPS\nbeachw\nbeachw.IDE "
Loading default object types "DATA\MAPS\nbeach\nbeach.IDE "
Loading default object types "DATA\MAPS\bank\bank.IDE "
Loading default object types "DATA\MAPS\mall\mall.IDE "
Loading default object types "DATA\MAPS\yacht\yacht.IDE "
Loading default object types "DATA\MAPS\cisland\cisland.IDE "
Loading default object types "DATA\MAPS\club\club.IDE "
Loading default object types "DATA\MAPS\hotel\hotel.IDE "
Loading default object types "DATA\MAPS\lawyers\lawyers.IDE "
Loading default object types "DATA\MAPS\stripclb\stripclb.IDE "
Loading default object types "DATA\MAPS\airport\airport.IDE "
Loading default object types "DATA\MAPS\airportN\airportN.IDE "
Loading default object types "DATA\MAPS\haiti\haiti.IDE "
Loading default object types "DATA\MAPS\haitin\haitin.IDE "
Loading splash sprite "E:\Grand Theft Auto Vice City\modloader\hd_ui\txd\loadsc3.txd"
Loading default object types "DATA\MAPS\concerth\concerth.IDE "
Loading default object types "DATA\MAPS\mansion\mansion.IDE "
Loading default object types "DATA\MAPS\islandsf\islandsf.IDE "
Loading default object types "DATA\MAPS\stadint\stadint.IDE "
Loading default object data "DATA\OBJECT.DAT"
Initializing the streaming...
Loading abstract cd directory...
Importing model file for index 7704 at "modloader\hd_characters\apoulet.txd"
Importing model file for index 6513 at "modloader\hd_characters\army.txd"
Importing model file for index 6728 at "modloader\hd__weaponicons\bat.txd"
Importing model file for index 6548 at "modloader\hd_characters\bfobe.txd"
Importing model file for index 6544 at "modloader\hd_characters\bfori.txd"
Importing model file for index 6540 at "modloader\hd_characters\bfost.txd"
Importing model file for index 6552 at "modloader\hd_characters\bfotr.txd"
Importing model file for index 6546 at "modloader\hd_characters\bfybe.txd"
Importing model file for index 6551 at "modloader\hd_characters\bfypr.txd"
Importing model file for index 6543 at "modloader\hd_characters\bfyri.txd"
Importing model file for index 6539 at "modloader\hd_characters\bfyst.txd"
Importing model file for index 7641 at "modloader\hd_characters\bga.txd"
Importing model file for index 7642 at "modloader\hd_characters\bgb.txd"
Importing model file for index 6601 at "modloader\hd_characters\bka.txd"
Importing model file for index 6602 at "modloader\hd_characters\bkb.txd"
Importing model file for index 6549 at "modloader\hd_characters\bmobe.txd"
Importing model file for index 6537 at "modloader\hd_characters\bmodk.txd"
Importing model file for index 6542 at "modloader\hd_characters\bmost.txd"
Importing model file for index 6553 at "modloader\hd_characters\bmotr.txd"
Importing model file for index 6555 at "modloader\hd_characters\bmybb.txd"
Importing model file for index 6547 at "modloader\hd_characters\bmybe.txd"
Importing model file for index 6550 at "modloader\hd_characters\bmybu.txd"
Importing model file for index 6538 at "modloader\hd_characters\bmycr.txd"
Importing model file for index 6554 at "modloader\hd_characters\bmypi.txd"
Importing model file for index 6545 at "modloader\hd_characters\bmyri.txd"
Importing model file for index 6541 at "modloader\hd_characters\bmyst.txd"
Importing model file for index 6755 at "modloader\hd__weaponicons\bomb.txd"
Importing model file for index 7705 at "modloader\hd_characters\bounca.txd"
Importing model file for index 6723 at "modloader\hd__weaponicons\brassknuckle.txd"
Importing model file for index 6743 at "modloader\hd__weaponicons\buddyshot.txd"
Importing model file for index 7644 at "modloader\hd_characters\burger.txd"
Importing model file for index 6756 at "modloader\hd__weaponicons\camera.txd"
Importing model file for index 6591 at "modloader\hd_characters\cba.txd"
Importing model file for index 6592 at "modloader\hd_characters\cbb.txd"
Importing model file for index 7710 at "modloader\hd_characters\cdrivra.txd"
Importing model file for index 7711 at "modloader\hd_characters\cdrivrb.txd"
Importing model file for index 7712 at "modloader\hd_characters\cgona.txd"
Importing model file for index 7713 at "modloader\hd_characters\cgonb.txd"
Importing model file for index 7714 at "modloader\hd_characters\cgonc.txd"
Importing model file for index 7646 at "modloader\hd_characters\chef.txd"
Importing model file for index 6733 at "modloader\hd__weaponicons\chnsaw.txd"
Importing model file for index 6741 at "modloader\hd__weaponicons\chromegun.txd"
Importing model file for index 6597 at "modloader\hd_characters\cla.txd"
Importing model file for index 6598 at "modloader\hd_characters\clb.txd"
Importing model file for index 6730 at "modloader\hd__weaponicons\cleaver.txd"
Importing model file for index 7718 at "modloader\hd_characters\cmraman.txd"
Importing model file for index 6738 at "modloader\hd__weaponicons\colt45.txd"
Importing model file for index 6510 at "modloader\hd_characters\cop.txd"
Importing model file for index 7648 at "modloader\hd_characters\courier.txd"
Importing model file for index 7723 at "modloader\hd_characters\crewa.txd"
Importing model file for index 7724 at "modloader\hd_characters\crewb.txd"
Importing model file for index 7729 at "modloader\hd_characters\csalsb2.txd"
Importing model file for index 7730 at "modloader\hd_characters\csalscb.txd"
Importing model file for index 7732 at "modloader\hd_characters\csassa.txd"
Importing model file for index 7733 at "modloader\hd_characters\csassb.txd"
Importing model file for index 7734 at "modloader\hd_characters\csassc.txd"
Importing model file for index 7735 at "modloader\hd_characters\csavery.txd"
Importing model file for index 7736 at "modloader\hd_characters\csbigm.txd"
Importing model file for index 7737 at "modloader\hd_characters\csbj.txd"
Importing model file for index 7738 at "modloader\hd_characters\csbuddy.txd"
Importing model file for index 7739 at "modloader\hd_characters\cscamj.txd"
Importing model file for index 7740 at "modloader\hd_characters\cscandy.txd"
Importing model file for index 7745 at "modloader\hd_characters\cscolo.txd"
Importing model file for index 7747 at "modloader\hd_characters\csdeal.txd"
Importing model file for index 7748 at "modloader\hd_characters\csdiaz.txd"
Importing model file for index 7749 at "modloader\hd_characters\csdick.txd"
Importing model file for index 7750 at "modloader\hd_characters\csdirec.txd"
Importing model file for index 7752 at "modloader\hd_characters\csdlove.txd"
Importing model file for index 7753 at "modloader\hd_characters\csdoris.txd"
Importing model file for index 7755 at "modloader\hd_characters\cservra.txd"
Importing model file for index 7756 at "modloader\hd_characters\cservrb.txd"
Importing model file for index 7764 at "modloader\hd_characters\csgonz.txd"
Importing model file for index 7765 at "modloader\hd_characters\cshlary.txd"
Importing model file for index 7767 at "modloader\hd_characters\csjezz.txd"
Importing model file for index 7768 at "modloader\hd_characters\csjuggz.txd"
Importing model file for index 7769 at "modloader\hd_characters\cskelly.txd"
Importing model file for index 7770 at "modloader\hd_characters\csken.txd"
Importing model file for index 7771 at "modloader\hd_characters\cskent.txd"
Importing model file for index 7773 at "modloader\hd_characters\csmaude.txd"
Importing model file for index 7774 at "modloader\hd_characters\csmerc.txd"
Importing model file for index 7775 at "modloader\hd_characters\csmerc2.txd"
Importing model file for index 7778 at "modloader\hd_characters\cspablo.txd"
Importing model file for index 7779 at "modloader\hd_characters\cspapa.txd"
Importing model file for index 7780 at "modloader\hd_characters\cspepe.txd"
Importing model file for index 7781 at "modloader\hd_characters\cspercy.txd"
Importing model file for index 7782 at "modloader\hd_characters\csphil.txd"
Importing model file for index 7794 at "modloader\hd_characters\csrich.txd"
Importing model file for index 7795 at "modloader\hd_characters\cssonny.txd"
Importing model file for index 7796 at "modloader\hd_characters\csumbto.txd"
Importing model file for index 7801 at "modloader\hd_characters\dgoona.txd"
Importing model file for index 7802 at "modloader\hd_characters\dgoonb.txd"
Importing model file for index 7803 at "modloader\hd_characters\dgoonc.txd"
Importing model file for index 6512 at "modloader\hd_characters\fbi.txd"
Importing model file for index 6515 at "modloader\hd_characters\fireman.txd"
Importing model file for index 6752 at "modloader\hd__weaponicons\flame.txd"
Importing model file for index 7811 at "modloader\hd_characters\floozya.txd"
Importing model file for index 7812 at "modloader\hd_characters\floozyb.txd"
Importing model file for index 7813 at "modloader\hd_characters\floozyc.txd"
Importing model file for index 7650 at "modloader\hd_characters\fsfa.txd"
Importing model file for index 6599 at "modloader\hd_characters\gda.txd"
Importing model file for index 6600 at "modloader\hd_characters\gdb.txd"
Importing model file for index 6725 at "modloader\hd__weaponicons\golfclub.txd"
Importing model file for index 6734 at "modloader\hd__weaponicons\grenade.txd"
Importing model file for index 6729 at "modloader\hd__weaponicons\hammer.txd"
Importing model file for index 6526 at "modloader\hd_characters\hfobe.txd"
Importing model file for index 6522 at "modloader\hd_characters\hfori.txd"
Importing model file for index 6518 at "modloader\hd_characters\hfost.txd"
Importing model file for index 6533 at "modloader\hd_characters\hfotr.txd"
Importing model file for index 6525 at "modloader\hd_characters\hfybe.txd"
Importing model file for index 6529 at "modloader\hd_characters\hfybu.txd"
Importing model file for index 6531 at "modloader\hd_characters\hfycg.txd"
Importing model file for index 6530 at "modloader\hd_characters\hfymd.txd"
Importing model file for index 6532 at "modloader\hd_characters\hfypr.txd"
Importing model file for index 6521 at "modloader\hd_characters\hfyri.txd"
Importing model file for index 6517 at "modloader\hd_characters\hfyst.txd"
Importing model file for index 6528 at "modloader\hd_characters\hmobe.txd"
Importing model file for index 6536 at "modloader\hd_characters\hmoca.txd"
Importing model file for index 6524 at "modloader\hd_characters\hmori.txd"
Importing model file for index 6520 at "modloader\hd_characters\hmost.txd"
Importing model file for index 6534 at "modloader\hd_characters\hmotr.txd"
Importing model file for index 6535 at "modloader\hd_characters\hmyap.txd"
Importing model file for index 6527 at "modloader\hd_characters\hmybe.txd"
Importing model file for index 6523 at "modloader\hd_characters\hmyri.txd"
Importing model file for index 6519 at "modloader\hd_characters\hmyst.txd"
Importing model file for index 6593 at "modloader\hd_characters\hna.txd"
Importing model file for index 6594 at "modloader\hd_characters\hnb.txd"
Importing model file for index 7651 at "modloader\hd_characters\igalscb.txd"
Importing model file for index 7652 at "modloader\hd_characters\igbuddy.txd"
Importing model file for index 7653 at "modloader\hd_characters\igbudy2.txd"
Importing model file for index 7654 at "modloader\hd_characters\igbudy3.txd"
Importing model file for index 7655 at "modloader\hd_characters\igcandy.txd"
Importing model file for index 7656 at "modloader\hd_characters\igcolon.txd"
Importing model file for index 7657 at "modloader\hd_characters\igdiaz.txd"
Importing model file for index 7658 at "modloader\hd_characters\igdick.txd"
Importing model file for index 7659 at "modloader\hd_characters\iggonz.txd"
Importing model file for index 7660 at "modloader\hd_characters\ighlary.txd"
Importing model file for index 7661 at "modloader\hd_characters\ighlry2.txd"
Importing model file for index 7662 at "modloader\hd_characters\igjezz.txd"
Importing model file for index 7663 at "modloader\hd_characters\igken.txd"
Importing model file for index 7664 at "modloader\hd_characters\igmerc.txd"
Importing model file for index 7665 at "modloader\hd_characters\igmerc2.txd"
Importing model file for index 7666 at "modloader\hd_characters\igmike.txd"
Importing model file for index 7667 at "modloader\hd_characters\igmike2.txd"
Importing model file for index 7668 at "modloader\hd_characters\igpercy.txd"
Importing model file for index 7669 at "modloader\hd_characters\igphil.txd"
Importing model file for index 7670 at "modloader\hd_characters\igphil2.txd"
Importing model file for index 7671 at "modloader\hd_characters\igphil3.txd"
Importing model file for index 7672 at "modloader\hd_characters\igsonny.txd"
Importing model file for index 6747 at "modloader\hd__weaponicons\ingramsl.txd"
Importing model file for index 6589 at "modloader\hd_characters\jfoto.txd"
Importing model file for index 6590 at "modloader\hd_characters\jmoto.txd"
Importing model file for index 6732 at "modloader\hd__weaponicons\katana.txd"
Importing model file for index 6727 at "modloader\hd__weaponicons\knifecur.txd"
Importing model file for index 6750 at "modloader\hd__weaponicons\laser.txd"
Importing model file for index 6744 at "modloader\hd__weaponicons\m4.txd"
Importing model file for index 6753 at "modloader\hd__weaponicons\m60.txd"
Importing model file for index 6731 at "modloader\hd__weaponicons\machete.txd"
Importing model file for index 6516 at "modloader\hd_characters\male01.txd"
Importing model file for index 7675 at "modloader\hd_characters\mba.txd"
Importing model file for index 7676 at "modloader\hd_characters\mbb.txd"
Importing model file for index 6514 at "modloader\hd_characters\medic.txd"
Importing model file for index 7842 at "modloader\hd_characters\mgoona.txd"
Importing model file for index 6754 at "modloader\hd__weaponicons\minigun.txd"
Importing model file for index 6736 at "modloader\hd__weaponicons\molotov.txd"
Importing model file for index 6748 at "modloader\hd__weaponicons\mp5lng.txd"
Importing model file for index 7844 at "modloader\hd_characters\mporna.txd"
Importing model file for index 7845 at "modloader\hd_characters\mserver.txd"
Importing model file for index 6726 at "modloader\hd__weaponicons\nitestick.txd"
Importing model file for index 6603 at "modloader\hd_characters\pga.txd"
Importing model file for index 6604 at "modloader\hd_characters\pgb.txd"
Importing model file for index 7854 at "modloader\hd_characters\printra.txd"
Importing model file for index 7855 at "modloader\hd_characters\printrb.txd"
Importing model file for index 7856 at "modloader\hd_characters\printrc.txd"
Importing model file for index 7689 at "modloader\hd_characters\psycho.txd"
Importing model file for index 6739 at "modloader\hd__weaponicons\python.txd"
Importing model file for index 7577 at "modloader\hd_radar\radar00.txd"
Importing model file for index 7578 at "modloader\hd_radar\radar01.txd"
Importing model file for index 7579 at "modloader\hd_radar\radar02.txd"
Importing model file for index 7580 at "modloader\hd_radar\radar03.txd"
Importing model file for index 7581 at "modloader\hd_radar\radar04.txd"
Importing model file for index 7582 at "modloader\hd_radar\radar05.txd"
Importing model file for index 7583 at "modloader\hd_radar\radar06.txd"
Importing model file for index 7584 at "modloader\hd_radar\radar07.txd"
Importing model file for index 7585 at "modloader\hd_radar\radar08.txd"
Importing model file for index 7586 at "modloader\hd_radar\radar09.txd"
Importing model file for index 7587 at "modloader\hd_radar\radar10.txd"
Importing model file for index 7588 at "modloader\hd_radar\radar11.txd"
Importing model file for index 7589 at "modloader\hd_radar\radar12.txd"
Importing model file for index 7590 at "modloader\hd_radar\radar13.txd"
Importing model file for index 7591 at "modloader\hd_radar\radar14.txd"
Importing model file for index 7592 at "modloader\hd_radar\radar15.txd"
Importing model file for index 7593 at "modloader\hd_radar\radar16.txd"
Importing model file for index 7594 at "modloader\hd_radar\radar17.txd"
Importing model file for index 7595 at "modloader\hd_radar\radar18.txd"
Importing model file for index 7596 at "modloader\hd_radar\radar19.txd"
Importing model file for index 7597 at "modloader\hd_radar\radar20.txd"
Importing model file for index 7598 at "modloader\hd_radar\radar21.txd"
Importing model file for index 7599 at "modloader\hd_radar\radar22.txd"
Importing model file for index 7600 at "modloader\hd_radar\radar23.txd"
Importing model file for index 7601 at "modloader\hd_radar\radar24.txd"
Importing model file for index 7602 at "modloader\hd_radar\radar25.txd"
Importing model file for index 7603 at "modloader\hd_radar\radar26.txd"
Importing model file for index 7604 at "modloader\hd_radar\radar27.txd"
Importing model file for index 7605 at "modloader\hd_radar\radar28.txd"
Importing model file for index 7606 at "modloader\hd_radar\radar29.txd"
Importing model file for index 7607 at "modloader\hd_radar\radar30.txd"
Importing model file for index 7608 at "modloader\hd_radar\radar31.txd"
Importing model file for index 7609 at "modloader\hd_radar\radar32.txd"
Importing model file for index 7610 at "modloader\hd_radar\radar33.txd"
Importing model file for index 7611 at "modloader\hd_radar\radar34.txd"
Importing model file for index 7612 at "modloader\hd_radar\radar35.txd"
Importing model file for index 7613 at "modloader\hd_radar\radar36.txd"
Importing model file for index 7614 at "modloader\hd_radar\radar37.txd"
Importing model file for index 7615 at "modloader\hd_radar\radar38.txd"
Importing model file for index 7616 at "modloader\hd_radar\radar39.txd"
Importing model file for index 7617 at "modloader\hd_radar\radar40.txd"
Importing model file for index 7618 at "modloader\hd_radar\radar41.txd"
Importing model file for index 7619 at "modloader\hd_radar\radar42.txd"
Importing model file for index 7620 at "modloader\hd_radar\radar43.txd"
Importing model file for index 7621 at "modloader\hd_radar\radar44.txd"
Importing model file for index 7622 at "modloader\hd_radar\radar45.txd"
Importing model file for index 7623 at "modloader\hd_radar\radar46.txd"
Importing model file for index 7624 at "modloader\hd_radar\radar47.txd"
Importing model file for index 7625 at "modloader\hd_radar\radar48.txd"
Importing model file for index 7626 at "modloader\hd_radar\radar49.txd"
Importing model file for index 7627 at "modloader\hd_radar\radar50.txd"
Importing model file for index 7628 at "modloader\hd_radar\radar51.txd"
Importing model file for index 7629 at "modloader\hd_radar\radar52.txd"
Importing model file for index 7630 at "modloader\hd_radar\radar53.txd"
Importing model file for index 7631 at "modloader\hd_radar\radar54.txd"
Importing model file for index 7632 at "modloader\hd_radar\radar55.txd"
Importing model file for index 7633 at "modloader\hd_radar\radar56.txd"
Importing model file for index 7634 at "modloader\hd_radar\radar57.txd"
Importing model file for index 7635 at "modloader\hd_radar\radar58.txd"
Importing model file for index 7636 at "modloader\hd_radar\radar59.txd"
Importing model file for index 7637 at "modloader\hd_radar\radar60.txd"
Importing model file for index 7638 at "modloader\hd_radar\radar61.txd"
Importing model file for index 7639 at "modloader\hd_radar\radar62.txd"
Importing model file for index 7640 at "modloader\hd_radar\radar63.txd"
Importing model file for index 6751 at "modloader\hd__weaponicons\rocketla.txd"
Importing model file for index 6740 at "modloader\hd__weaponicons\ruger.txd"
Importing model file for index 7690 at "modloader\hd_characters\s_keep.txd"
Importing model file for index 7691 at "modloader\hd_characters\sam.txd"
Importing model file for index 6724 at "modloader\hd__weaponicons\screwdriver.txd"
Importing model file for index 7859 at "modloader\hd_characters\sfrenda.txd"
Importing model file for index 7860 at "modloader\hd_characters\sfrendb.txd"
Importing model file for index 6595 at "modloader\hd_characters\sga.txd"
Importing model file for index 6596 at "modloader\hd_characters\sgb.txd"
Importing model file for index 7692 at "modloader\hd_characters\sgc.txd"
Importing model file for index 7861 at "modloader\hd_characters\sgoona.txd"
Importing model file for index 7862 at "modloader\hd_characters\sgoonb.txd"
Importing model file for index 6742 at "modloader\hd__weaponicons\shotgspa.txd"
Importing model file for index 6749 at "modloader\hd__weaponicons\sniper.txd"
Importing model file for index 7693 at "modloader\hd_characters\spandxa.txd"
Importing model file for index 7694 at "modloader\hd_characters\spandxb.txd"
Importing model file for index 7695 at "modloader\hd_characters\stripa.txd"
Importing model file for index 7696 at "modloader\hd_characters\stripb.txd"
Importing model file for index 7697 at "modloader\hd_characters\stripc.txd"
Importing model file for index 6511 at "modloader\hd_characters\swat.txd"
Importing model file for index 6735 at "modloader\hd__weaponicons\teargas.txd"
Importing model file for index 6745 at "modloader\hd__weaponicons\tec9.txd"
Importing model file for index 6746 at "modloader\hd__weaponicons\uzi.txd"
Importing model file for index 6605 at "modloader\hd_characters\vice1.txd"
Importing model file for index 6606 at "modloader\hd_characters\vice2.txd"
Importing model file for index 6607 at "modloader\hd_characters\vice3.txd"
Importing model file for index 6608 at "modloader\hd_characters\vice4.txd"
Importing model file for index 6609 at "modloader\hd_characters\vice5.txd"
Importing model file for index 6610 at "modloader\hd_characters\vice6.txd"
Importing model file for index 6611 at "modloader\hd_characters\vice7.txd"
Importing model file for index 6612 at "modloader\hd_characters\vice8.txd"
Importing model file for index 6567 at "modloader\hd_characters\wfobe.txd"
Importing model file for index 6571 at "modloader\hd_characters\wfogo.txd"
Importing model file for index 6562 at "modloader\hd_characters\wfori.txd"
Importing model file for index 6588 at "modloader\hd_characters\wfosh.txd"
Importing model file for index 6558 at "modloader\hd_characters\wfost.txd"
Importing model file for index 6579 at "modloader\hd_characters\wfotr.txd"
Importing model file for index 6565 at "modloader\hd_characters\wfybe.txd"
Importing model file for index 6575 at "modloader\hd_characters\wfybu.txd"
Importing model file for index 6613 at "modloader\hd_characters\wfyg1.txd"
Importing model file for index 6614 at "modloader\hd_characters\wfyg2.txd"
Importing model file for index 6583 at "modloader\hd_characters\wfyjg.txd"
Importing model file for index 6573 at "modloader\hd_characters\wfylg.txd"
Importing model file for index 6578 at "modloader\hd_characters\wfypr.txd"
Importing model file for index 6561 at "modloader\hd_characters\wfyri.txd"
Importing model file for index 6587 at "modloader\hd_characters\wfysh.txd"
Importing model file for index 6585 at "modloader\hd_characters\wfysk.txd"
Importing model file for index 6557 at "modloader\hd_characters\wfyst.txd"
Importing model file for index 6568 at "modloader\hd_characters\wmobe.txd"
Importing model file for index 6577 at "modloader\hd_characters\wmobu.txd"
Importing model file for index 6582 at "modloader\hd_characters\wmoca.txd"
Importing model file for index 6572 at "modloader\hd_characters\wmogo.txd"
Importing model file for index 6564 at "modloader\hd_characters\wmori.txd"
Importing model file for index 6560 at "modloader\hd_characters\wmost.txd"
Importing model file for index 6580 at "modloader\hd_characters\wmotr.txd"
Importing model file for index 6566 at "modloader\hd_characters\wmybe.txd"
Importing model file for index 6576 at "modloader\hd_characters\wmybu.txd"
Importing model file for index 6556 at "modloader\hd_characters\wmycr.txd"
Importing model file for index 6569 at "modloader\hd_characters\wmycw.txd"
Importing model file for index 6570 at "modloader\hd_characters\wmygo.txd"
Importing model file for index 6584 at "modloader\hd_characters\wmyjg.txd"
Importing model file for index 6574 at "modloader\hd_characters\wmylg.txd"
Importing model file for index 6581 at "modloader\hd_characters\wmypi.txd"
Importing model file for index 6563 at "modloader\hd_characters\wmyri.txd"
Importing model file for index 6586 at "modloader\hd_characters\wmysk.txd"
Importing model file for index 6559 at "modloader\hd_characters\wmyst.txd"
Abstract cd directory has been loaded.
Loading default scene "DATA\MAP.ZON "
Loading default scene "DATA\NAVIG.ZON "
Loading default scene "DATA\INFO.ZON "
Loading default scene "DATA\MAPS\littleha\littleha.IPL "
Loading splash sprite "E:\Grand Theft Auto Vice City\modloader\hd_ui\txd\loadsc5.txd"
Loading default scene "DATA\MAPS\downtown\downtown.IPL "
Loading default scene "DATA\MAPS\downtows\downtows.IPL "
Loading default scene "DATA\MAPS\docks\docks.IPL "
Loading default scene "DATA\MAPS\washintn\washintn.IPL "
Loading default scene "DATA\MAPS\washints\washints.IPL "
Loading default scene "DATA\MAPS\oceandrv\oceandrv.IPL "
Loading default scene "DATA\MAPS\oceandn\oceandn.IPL "
Loading default scene "DATA\MAPS\golf\golf.IPL "
Loading default scene "DATA\MAPS\bridge\bridge.IPL "
Loading default scene "DATA\MAPS\starisl\starisl.IPL "
Loading default scene "DATA\MAPS\nbeachbt\nbeachbt.IPL "
Loading default scene "DATA\MAPS\nbeach\nbeach.IPL "
Loading default scene "DATA\MAPS\nbeachw\nbeachw.IPL "
Loading default scene "DATA\MAPS\cisland\cisland.IPL "
Loading default scene "DATA\MAPS\airport\airport.IPL "
Loading default scene "DATA\MAPS\airportN\airportN.IPL "
Loading default scene "DATA\MAPS\haiti\haiti.IPL "
Loading default scene "DATA\MAPS\haitin\haitin.IPL "
Loading default scene "DATA\MAPS\islandsf\islandsf.IPL "
Loading default scene "DATA\MAPS\stadint\stadint.IPL "
Loading default scene "DATA\MAPS\paths.ipl "
Loading default scene "DATA\MAPS\cull.ipl "
Loading default scene "DATA\occlu.ipl "
Loading splash sprite "E:\Grand Theft Auto Vice City\modloader\hd_ui\txd\loadsc8.txd"
Loading default scene "DATA\MAPS\bank\bank.IPL "
Loading default scene "DATA\MAPS\mall\mall.IPL "
Loading default scene "DATA\MAPS\yacht\yacht.IPL "
Loading default scene "DATA\MAPS\club\club.IPL "
Loading default scene "DATA\MAPS\hotel\hotel.IPL "
Loading default scene "DATA\MAPS\lawyers\lawyers.IPL "
Loading default scene "DATA\MAPS\stripclb\stripclb.IPL "
Loading default scene "DATA\MAPS\concerth\concerth.IPL "
Loading default scene "DATA\MAPS\mansion\mansion.IPL "
Loading default vehicle colours "CARCOLS.DAT"
Loading default compiled water level "DATA\waterpro.dat"
Loading splash sprite "E:\Grand Theft Auto Vice City\modloader\hd_ui\txd\loadsc10.txd"
Loading default ped relationship data "PED.DAT"
Loading default fight data "DATA\fistfite.dat"
Loading default weapon data "WEAPON.DAT"
Loading default ped groups "PEDGRP.DAT"
Loading default plane path "data\paths\flight.dat"
Loading default plane path "data\paths\flight2.dat"
Loading default plane path "data\paths\flight3.dat"
Removing imported model file at index 0
Loading splash sprite "splash1.txd"
Loading default time cycle properties "TIMECYC.DAT"
Loading default ped relationship data "PED.DAT"
Loading default fight data "DATA\fistfite.dat"
Loading default weapon data "WEAPON.DAT"
Loading default ped groups "PEDGRP.DAT"
Loading default particle data "PARTICLE.CFG"
Removing imported model file at index 0
Loading default particle data "PARTICLE.CFG"
Loading splash sprite "E:\Grand Theft Auto Vice City\modloader\hd_ui\txd\outro.txd"

Shutting down Mod Loader...
Shutting down filesystem watcher...
Shutting down menu...
Unloading plugin "gta3.std.fx"
Unloading plugin "gta3.std.asi"
Unloading plugin "gta3.std.data"
Unloading plugin "gta3.std.movies"
Unloading plugin "gta3.std.scm"
Unloading plugin "gta3.std.text"
Unloading plugin "gta3.std.sprites"
Unloading plugin "gta3.std.stream"
Mod Loader has been shutdown.
